<?xml version="1.0" encoding="utf-8" standalone="no"?>
<!--This file represents the results of running a test suite-->
<test-results name="C:\Users\Jane\Desktop\download\ZTPROG2070Assign1\ZTPROG2070Assign1\ZTPROG2070Assign1.Test\bin\Debug\ZTPROG2070Assign1.Test.dll" total="10" errors="0" failures="0" not-run="0" inconclusive="0" ignored="0" skipped="0" invalid="0" date="2016-02-05" time="02:20:06">
  <environment nunit-version="2.6.4.14350" clr-version="2.0.50727.8662" os-version="Microsoft Windows NT 6.2.9200.0" platform="Win32NT" cwd="C:\Program Files (x86)\NUnit 2.6.4\bin" machine-name="JANE-PC" user="Jane" user-domain="JANE-PC" />
  <culture-info current-culture="en-US" current-uiculture="en-US" />
  <test-suite type="Assembly" name="C:\Users\Jane\Desktop\download\ZTPROG2070Assign1\ZTPROG2070Assign1\ZTPROG2070Assign1.Test\bin\Debug\ZTPROG2070Assign1.Test.dll" executed="True" result="Success" success="True" time="0.113" asserts="0">
    <results>
      <test-suite type="Namespace" name="ZTPROG2070Assign1" executed="True" result="Success" success="True" time="0.102" asserts="0">
        <results>
          <test-suite type="Namespace" name="Test" executed="True" result="Success" success="True" time="0.102" asserts="0">
            <results>
              <test-suite type="TestFixture" name="CircleTest" executed="True" result="Success" success="True" time="0.100" asserts="0">
                <results>
                  <test-case name="ZTPROG2070Assign1.Test.CircleTest.AddToRadius_Input0_RadiusDoesNotChange" executed="True" result="Success" success="True" time="0.040" asserts="1" />
                  <test-case name="ZTPROG2070Assign1.Test.CircleTest.AddToRadius_InputMinusNumberToMakeRadiusLessThan0_ShouldThrowException" executed="True" result="Success" success="True" time="0.009" asserts="0">
                    <reason>
                      <message><![CDATA[]]></message>
                    </reason>
                  </test-case>
                  <test-case name="ZTPROG2070Assign1.Test.CircleTest.GetArea_RadiusIs0_ResultIs0" executed="True" result="Success" success="True" time="0.001" asserts="1" />
                  <test-case name="ZTPROG2070Assign1.Test.CircleTest.GetArea_RadiusIsMinus1_ShouldThrowException" executed="True" result="Success" success="True" time="0.002" asserts="0">
                    <reason>
                      <message><![CDATA[]]></message>
                    </reason>
                  </test-case>
                  <test-case name="ZTPROG2070Assign1.Test.CircleTest.GetCircumference_RadiusIs0_ResultIs0" executed="True" result="Success" success="True" time="0.001" asserts="1" />
                  <test-case name="ZTPROG2070Assign1.Test.CircleTest.GetCircumference_RadiusIsPoint00000001_ShouldPass" executed="True" result="Success" success="True" time="0.000" asserts="1" />
                  <test-case name="ZTPROG2070Assign1.Test.CircleTest.NonDefaultConstructor_Input0_ShouldWork" executed="True" result="Success" success="True" time="0.000" asserts="1" />
                  <test-case name="ZTPROG2070Assign1.Test.CircleTest.NonDefaultConstructor_InputMinus1_ShouldThrowException" executed="True" result="Success" success="True" time="0.002" asserts="0">
                    <reason>
                      <message><![CDATA[]]></message>
                    </reason>
                  </test-case>
                  <test-case name="ZTPROG2070Assign1.Test.CircleTest.SubtractFromRadius_Input0_RadiusDoesNotChange" executed="True" result="Success" success="True" time="0.001" asserts="1" />
                  <test-case name="ZTPROG2070Assign1.Test.CircleTest.SubtractFromRadius_InputNumberToMakeRadiusLessThan0_ShouldThrowException" executed="True" result="Success" success="True" time="0.002" asserts="0">
                    <reason>
                      <message><![CDATA[]]></message>
                    </reason>
                  </test-case>
                </results>
              </test-suite>
            </results>
          </test-suite>
        </results>
      </test-suite>
    </results>
  </test-suite>
</test-results>